make all --print-data-base --no-builtin-variables --no-builtin-rules --question
# GNU Make 3.81
# Copyright (C) 2006  Free Software Foundation, Inc.
# This is free software; see the source for copying conditions.
# There is NO warranty; not even for MERCHANTABILITY or FITNESS FOR A
# PARTICULAR PURPOSE.

# This program built for i386-apple-darwin11.3.0

# Make data base, printed on Fri May 27 12:08:33 2022

# Variables

# automatic
<D = $(patsubst %/,%,$(dir $<))
# automatic
?F = $(notdir $?)
# environment
ELECTRON_NO_ATTACH_CONSOLE = 1
# environment
VSCODE_LOG_NATIVE = false
# environment
NVM_INC = /Users/hysios/.nvm/versions/node/v14.19.1/include/node
# automatic
?D = $(patsubst %/,%,$(dir $?))
# automatic
@D = $(patsubst %/,%,$(dir $@))
# automatic
@F = $(notdir $@)
# makefile
CURDIR := /Users/hysios/Projects/mx/templates/grpc-starter-kit
# makefile
SHELL = /bin/sh
# environment
VSCODE_NLS_CONFIG = {"locale":"zh-cn","availableLanguages":{"*":"zh-cn"},"_languagePackId":"42e84e0914b17800d483f69e299e1b00.zh-cn","_translationsConfigFile":"/Users/hysios/Library/Application Support/Code/clp/42e84e0914b17800d483f69e299e1b00.zh-cn/tcf.json","_cacheRoot":"/Users/hysios/Library/Application Support/Code/clp/42e84e0914b17800d483f69e299e1b00.zh-cn","_resolvedLanguagePackCoreLocation":"/Users/hysios/Library/Application Support/Code/clp/42e84e0914b17800d483f69e299e1b00.zh-cn/c3511e6c69bb39013c4a4b7b9566ec1ca73fc4d5","_corruptedFile":"/Users/hysios/Library/Application Support/Code/clp/42e84e0914b17800d483f69e299e1b00.zh-cn/corrupted.info","_languagePackSupport":true}
# environment
_ = /usr/bin/make
# environment
STARSHIP_SESSION_KEY = 1405206344091938
# environment
VSCODE_AMD_ENTRYPOINT = vs/workbench/api/node/extensionHostProcess
# environment
VSCODE_VERBOSE_LOGGING = true
# environment
VSCODE_IPC_HOOK_EXTHOST = /var/folders/br/dwj6g58x0pb71_drb27cbk5m0000gn/T/vscode-ipc-5837ba67-991c-41ec-b6df-140e430e0d88.sock
# environment
VSCODE_CWD = /Users/hysios/Projects/mx/templates/grpc-starter-kit
# environment
GOPROXY = https://goproxy.cn,direct
# environment
PATH = /Users/hysios/.nvm/versions/node/v14.19.1/bin:/Users/hysios/miniconda3/bin:/Users/hysios/miniconda3/condabin:/Users/hysios/Library/Python/3.9/bin:/usr/local/opt/openjdk/bin:/Users/hysios/bin:/Users/hysios/go/bin:/Users/hysios/Scripts:/usr/local/bin:/usr/local/bin:/usr/bin:/bin:/usr/sbin:/sbin:/usr/local/go/bin:/Users/hysios/.fig/bin:/Users/hysios/.local/bin
# environment
LSCOLORS = Gxfxcxdxbxegedabagacad
# makefile (from `Makefile', line 1)
MAKEFILE_LIST :=  Makefile
# environment
GOPATH = /Users/hysios/go
# environment
NVM_BIN = /Users/hysios/.nvm/versions/node/v14.19.1/bin
# environment
LaunchInstanceID = 3D34E482-E7EF-401D-A87F-9A703A952AC7
# environment
VSCODE_LOG_STACK = false
# environment
ELECTRON_RUN_AS_NODE = 1
# default
.FEATURES := target-specific order-only second-expansion else-if archives jobserver check-symlink
# environment
SSH_AUTH_SOCK = /private/tmp/com.apple.launchd.vjQvr5wfGq/Listeners
# automatic
%F = $(notdir $%)
# environment
CONDA_EXE = /Users/hysios/miniconda3/bin/conda
# environment
TTY = /dev/ttys002
# environment
VSCODE_PIPE_LOGGING = true
# environment
FIG_PID = 37979
# environment
PWD = /Users/hysios/Projects/mx/templates/grpc-starter-kit
# environment
ORIGINAL_XDG_CURRENT_DESKTOP = undefined
# environment
GOMODCACHE = /Users/hysios/go/pkg/mod
# environment
HOME = /Users/hysios
# makefile (from `Makefile', line 1)
BUF_VERSION := 1.1.0
# default
MAKEFILEPATH = $(shell /usr/bin/xcode-select -print-path 2>/dev/null || echo /Developer)/Makefiles
# environment
VSCODE_CLI = 1
# environment
VSCODE_CODE_CACHE_PATH = /Users/hysios/Library/Application Support/Code/CachedData/c3511e6c69bb39013c4a4b7b9566ec1ca73fc4d5
# environment
LOGNAME = hysios
# environment
APPLICATION_INSIGHTS_NO_DIAGNOSTIC_CHANNEL = 1
# environment
CONDA_PROMPT_MODIFIER = (base) 
# environment
NVM_CD_FLAGS = -q
# environment
ZSH = /Users/hysios/.oh-my-zsh
# environment
VSCODE_HANDLES_UNCAUGHT_ERRORS = true
# automatic
^D = $(patsubst %/,%,$(dir $^))
# environment
CONDA_DEFAULT_ENV = base
# environment
XPC_FLAGS = 0x0
# environment
COLORTERM = truecolor
# default
MAKE = $(MAKE_COMMAND)
# environment
LC_TERMINAL = iTerm2
# environment
SHLVL = 3
# environment
FIG_TERM = 1
# default
MAKE_VERSION := 3.81
# environment
USER = hysios
# environment
FIG_TERM_VERSION = 4.4.0
# default
MAKECMDGOALS := all
# environment
TERM_SESSION_ID = w0t0p0:2CAAE20B-6D16-49C9-B18D-01CD8D2F3554
# environment
LESS = -R
# automatic
%D = $(patsubst %/,%,$(dir $%))
# environment
FIG_INTEGRATION_VERSION = 8
# environment
CONDA_SHLVL = 1
# default
MAKE_COMMAND := /Library/Developer/CommandLineTools/usr/bin/make
# environment
TERM_PROGRAM = iTerm.app
# default
.VARIABLES := 
# environment
TMPDIR = /var/folders/br/dwj6g58x0pb71_drb27cbk5m0000gn/T/
# automatic
*F = $(notdir $*)
# environment
VSCODE_IPC_HOOK = /Users/hysios/Library/Application Support/Code/1.67.2-main.sock
# environment
DB_PASSWORD = mypassword
# makefile
MAKEFLAGS = Rrqp
# environment
MFLAGS = -Rrqp
# automatic
*D = $(patsubst %/,%,$(dir $*))
# environment
TERM_PROGRAM_VERSION = 3.4.15
# environment
NVM_DIR = /Users/hysios/.nvm
# environment
XPC_SERVICE_NAME = 0
# environment
LC_TERMINAL_VERSION = 3.4.15
# automatic
+D = $(patsubst %/,%,$(dir $+))
# automatic
+F = $(notdir $+)
# environment
ITERM_SESSION_ID = w0t0p0:2CAAE20B-6D16-49C9-B18D-01CD8D2F3554
# environment
COLORFGBG = 7;0
# environment
__CF_USER_TEXT_ENCODING = 0x1F5:0x19:0x34
# environment
COMMAND_MODE = unix2003
# default
MAKEFILES := 
# automatic
<F = $(notdir $<)
# environment
ITERM_PROFILE = Default
# environment
GOPRIVATE = github.com/hysios/mx/platform
# environment
PAGER = less
# environment
LC_ALL = C
# environment
CONDA_PYTHON_EXE = /Users/hysios/miniconda3/bin/python
# environment
SECURITYSESSIONID = 186a6
# automatic
^F = $(notdir $^)
# default
SUFFIXES := 
# environment
_CE_M = 
# environment
_CE_CONDA = 
# default
.INCLUDE_DIRS = /usr/local/include
# environment
MAKELEVEL := 0
# makefile
.DEFAULT_GOAL := generate
# environment
CONDA_PREFIX = /Users/hysios/miniconda3
# environment
TERM = xterm-256color
# environment
VSCODE_PID = 21831
# environment
STARSHIP_SHELL = zsh
# environment
LANG = C
# variable set hash-table stats:
# Load=104/1024=10%, Rehash=0, Collisions=12/128=9%

# Pattern-specific Variable Values

# No pattern-specific variable values.

# Directories

# . (device 16777220, inode 28435772): 31 files, no impossibilities.

# 31 files, no impossibilities in 1 directories.

# Implicit Rules

# No implicit rules.

# Files

# Not a target:
all:
#  Command-line target.
#  Implicit rule search has been done.
#  File does not exist.
#  File has not been updated.
# variable set hash-table stats:
# Load=0/32=0%, Rehash=0, Collisions=0/0=0%

up:
#  Implicit rule search has not been done.
#  Modification time never checked.
#  File has not been updated.
#  commands to execute (from `Makefile', line 8):
	@docker-compose up -d
	

# Not a target:
.SUFFIXES:
#  Implicit rule search has not been done.
#  Modification time never checked.
#  File has not been updated.

# Not a target:
Makefile:
#  Implicit rule search has been done.
#  Last modified 2022-05-27 11:58:24
#  File has been updated.
#  Successfully updated.
# variable set hash-table stats:
# Load=0/32=0%, Rehash=0, Collisions=0/0=0%

test:
#  Implicit rule search has not been done.
#  Modification time never checked.
#  File has not been updated.
#  commands to execute (from `Makefile', line 17):
	@./tests.sh
	

generate:
#  Implicit rule search has not been done.
#  Modification time never checked.
#  File has not been updated.
#  commands to execute (from `Makefile', line 4):
	@buf generate
	@wire
	

dev:
#  Implicit rule search has not been done.
#  Modification time never checked.
#  File has not been updated.
#  commands to execute (from `Makefile', line 14):
	@SERVE_HTTP=true air
	

wire:
#  Implicit rule search has not been done.
#  Modification time never checked.
#  File has not been updated.
#  commands to execute (from `Makefile', line 20):
	@wire 
	

# Not a target:
.DEFAULT:
#  Implicit rule search has not been done.
#  Modification time never checked.
#  File has not been updated.

down:
 
make: *** No rule to make target `all'.  Stop.

#  Implicit rule search has not been done.
#  Modification time never checked.
#  File has not been updated.
#  commands to execute (from `Makefile', line 11):
	@docker-compose down
	

# files hash-table stats:
# Load=10/1024=1%, Rehash=0, Collisions=0/22=0%
# VPATH Search Paths

# No `vpath' search paths.

# No general (`VPATH' variable) search path.

# # of strings in strcache: 1
# # of strcache buffers: 1
# strcache size: total = 4096 / max = 4096 / min = 4096 / avg = 4096
# strcache free: total = 4087 / max = 4087 / min = 4087 / avg = 4087

# Finished Make data base on Fri May 27 12:08:33 2022

 
